TN:
SF:src/modules/tools/services/CreateToolService.ts
FN:9,(anonymous_17)
FN:10,CreateToolService
FN:15,(anonymous_19)
FNF:3
FNH:3
FNDA:3,(anonymous_17)
FNDA:4,CreateToolService
FNDA:6,(anonymous_19)
DA:1,3
DA:9,3
DA:12,4
DA:15,3
DA:16,6
DA:17,6
DA:18,6
DA:19,6
DA:21,6
DA:28,6
DA:30,3
DA:32,3
LF:12
LH:12
BRDA:21,0,0,6
BRF:1
BRH:1
end_of_record
TN:
SF:src/modules/tools/services/DeleteToolService.ts
FN:11,(anonymous_18)
FN:12,DeleteToolService
FN:17,(anonymous_20)
FNF:3
FNH:3
FNDA:1,(anonymous_18)
FNDA:2,DeleteToolService
FNDA:2,(anonymous_20)
DA:1,1
DA:4,1
DA:11,1
DA:14,2
DA:17,2
DA:18,2
DA:20,2
DA:21,1
DA:24,2
DA:26,1
DA:28,1
LF:11
LH:11
BRDA:18,0,0,2
BRDA:20,1,0,1
BRDA:20,1,1,1
BRF:3
BRH:3
end_of_record
TN:
SF:src/modules/tools/services/ListToolService.ts
FN:7,(anonymous_17)
FN:8,ListToolService
FN:13,(anonymous_19)
FNF:3
FNH:3
FNDA:1,(anonymous_17)
FNDA:2,ListToolService
FNDA:2,(anonymous_19)
DA:1,1
DA:7,1
DA:10,2
DA:13,1
DA:14,3
DA:15,1
DA:16,1
DA:19,1
DA:21,1
DA:23,1
DA:25,1
LF:11
LH:11
BRDA:19,0,0,1
BRDA:14,1,0,1
BRDA:14,1,1,1
BRF:3
BRH:3
end_of_record
